[2024-12-16 20:52:18,840] 34 root - INFO - Data ingestion started
[2024-12-16 20:52:18,850] 39 root - INFO - Dataset loaded into dataframe
[2024-12-16 20:52:18,857] 44 root - INFO - Raw dataset is saved in artifacts folder
[2024-12-16 20:52:18,865] 47 root - INFO - Dataset is splitted into Train & Test data
[2024-12-16 20:52:18,869] 51 root - INFO - Train & Test dataset are saved in artifacts folder
[2024-12-16 20:52:18,869] 53 root - INFO - Data ingestion completed
[2024-12-16 20:52:18,876] 90 root - INFO - Train Dataframe Head : 
     id  area  bedrooms  bathrooms  stories mainroad guestroom basement hotwaterheating airconditioning  parking prefarea furnishingstatus    price
0  1065  7700         2          1        1      yes        no       no              no              no        0       no      unfurnished  2450000
1   819  6450         4          1        2      yes        no       no              no              no        0       no   semi-furnished  4340000
2   531  5300         3          1        1       no        no       no              no             yes        0      yes      unfurnished  2233000
3   483  6615         3          1        2      yes        no       no              no              no        0       no   semi-furnished  2940000
4   373  3000         2          1        2      yes        no       no              no             yes        0       no        furnished  3640000
[2024-12-16 20:52:18,878] 91 root - INFO - Test Dataframe Head : 
    id  area  bedrooms  bathrooms  stories mainroad guestroom basement hotwaterheating airconditioning  parking prefarea furnishingstatus    price
0  286  2787         3          1        1      yes        no      yes              no              no        0      yes        furnished  4235000
1  767  9166         2          1        1      yes        no      yes              no             yes        2       no   semi-furnished  4760000
2  136  5400         4          2        2      yes        no       no              no             yes        2       no      unfurnished  5740000
3  514  3000         3          1        2       no        no       no              no              no        0       no   semi-furnished  2485000
4  107  6420         3          1        3      yes        no      yes              no              no        0      yes      unfurnished  6125000
[2024-12-16 20:52:18,878] 32 root - INFO - Data Transformation initiated
[2024-12-16 20:52:18,878] 55 root - INFO - Pipeline Initiated
[2024-12-16 20:52:18,891] 135 root - ERROR - Exception occurred in the initiate_data_transformation method
