[2024-12-16 21:01:47,335] 34 root - INFO - Data ingestion started
[2024-12-16 21:01:47,339] 39 root - INFO - Dataset loaded into dataframe
[2024-12-16 21:01:47,343] 44 root - INFO - Raw dataset is saved in artifacts folder
[2024-12-16 21:01:47,344] 47 root - INFO - Dataset is splitted into Train & Test data
[2024-12-16 21:01:47,348] 51 root - INFO - Train & Test dataset are saved in artifacts folder
[2024-12-16 21:01:47,349] 53 root - INFO - Data ingestion completed
[2024-12-16 21:01:47,354] 100 root - INFO - Train Dataframe Head : 
    id  area  bedrooms  bathrooms  stories mainroad guestroom basement hotwaterheating airconditioning  parking prefarea furnishingstatus    price
0  656  8372         3          1        3      yes        no       no              no             yes        2       no      unfurnished  6090000
1  852  4080         3          1        2      yes        no       no              no              no        2       no   semi-furnished  4165000
2  938  7424         3          1        1       no        no       no              no              no        0       no      unfurnished  3500000
3  637  4800         3          2        4      yes       yes       no              no             yes        0       no        furnished  6405000
4  221  3420         4          2        2      yes        no       no              no              no        0       no   semi-furnished  4767000
[2024-12-16 21:01:47,356] 101 root - INFO - Test Dataframe Head : 
     id  area  bedrooms  bathrooms  stories mainroad guestroom basement hotwaterheating airconditioning  parking prefarea furnishingstatus    price
0    92  4800         3          2        4      yes       yes       no              no             yes        0       no        furnished  6405000
1   437  5880         3          1        1      yes        no       no              no              no        1       no      unfurnished  3290000
2   169  6540         4          2        2       no        no       no              no             yes        0       no   semi-furnished  5250000
3  1076  5300         3          1        1       no        no       no              no             yes        0      yes      unfurnished  2233000
4   345  2015         3          1        2      yes        no      yes              no              no        0      yes   semi-furnished  3850000
[2024-12-16 21:01:47,356] 33 root - INFO - Data Transformation initiated
[2024-12-16 21:01:47,356] 56 root - INFO - Pipeline Initiated
[2024-12-16 21:01:47,370] 125 root - INFO - Applying preprocessing object on training and testing datasets
[2024-12-16 21:01:47,371] 29 root - INFO - Object is saved at artifacts/preprocessor.pkl
[2024-12-16 21:01:47,371] 137 root - INFO - Preprocessing pickle file saved
[2024-12-16 21:01:47,371] 33 root - INFO - Splitting Dependent and Independent variables from train and test data
[2024-12-16 21:01:47,372] 61 root - INFO - Training LinearRegression with hyperparameter tuning
[2024-12-16 21:01:48,924] 68 root - INFO - LinearRegression best score: 0.674540796594703 with params: {}
[2024-12-16 21:01:48,924] 61 root - INFO - Training Lasso with hyperparameter tuning
[2024-12-16 21:01:49,013] 68 root - INFO - Lasso best score: 0.6745446135904221 with params: {'alpha': 100}
[2024-12-16 21:01:49,013] 61 root - INFO - Training Ridge with hyperparameter tuning
[2024-12-16 21:01:49,081] 68 root - INFO - Ridge best score: 0.6761437906330676 with params: {'alpha': 10}
[2024-12-16 21:01:49,081] 61 root - INFO - Training ElasticNet with hyperparameter tuning
[2024-12-16 21:01:49,383] 68 root - INFO - ElasticNet best score: 0.6759154098393696 with params: {'alpha': 0.1, 'l1_ratio': 0.9}
[2024-12-16 21:01:49,384] 79 root - INFO - Best Model Found, Model Name: Ridge, R2 Score: 0.6761437906330676
[2024-12-16 21:01:49,595] 29 root - INFO - Object is saved at artifacts/model.pkl
[2024-12-16 21:01:49,595] 29 root - INFO - Object is saved at artifacts/model_report.pkl
[2024-12-16 21:01:49,596] 75 root - INFO - Object read and loaded from artifacts/model.pkl
